[debug] [2023-04-15T18:37:22.510Z] ----------------------------------------------------------------------
[debug] [2023-04-15T18:37:22.510Z] Command:       /Users/austinblanchard/.nvm/versions/node/v18.7.0/bin/node /Users/austinblanchard/.nvm/versions/node/v18.7.0/bin/firebase functions:shell
[debug] [2023-04-15T18:37:22.511Z] CLI Version:   11.27.0
[debug] [2023-04-15T18:37:22.511Z] Platform:      darwin
[debug] [2023-04-15T18:37:22.511Z] Node Version:  v18.7.0
[debug] [2023-04-15T18:37:22.511Z] Time:          Sat Apr 15 2023 13:37:22 GMT-0500 (Central Daylight Time)
[debug] [2023-04-15T18:37:22.512Z] ----------------------------------------------------------------------
[debug] 
[debug] [2023-04-15T18:37:22.545Z] > command requires scopes: ["email","openid","https://www.googleapis.com/auth/cloudplatformprojects.readonly","https://www.googleapis.com/auth/firebase","https://www.googleapis.com/auth/cloud-platform"]
[debug] [2023-04-15T18:37:22.545Z] > authorizing via signed-in user (baylorbridges2022@gmail.com)
[debug] [2023-04-15T18:37:22.545Z] [iam] checking project wacode-2ff06 for permissions ["firebase.projects.get"]
[debug] [2023-04-15T18:37:22.546Z] >>> [apiv2][query] POST https://cloudresourcemanager.googleapis.com/v1/projects/wacode-2ff06:testIamPermissions [none]
[debug] [2023-04-15T18:37:22.546Z] >>> [apiv2][(partial)header] POST https://cloudresourcemanager.googleapis.com/v1/projects/wacode-2ff06:testIamPermissions x-goog-quota-user=projects/wacode-2ff06
[debug] [2023-04-15T18:37:22.546Z] >>> [apiv2][body] POST https://cloudresourcemanager.googleapis.com/v1/projects/wacode-2ff06:testIamPermissions {"permissions":["firebase.projects.get"]}
[debug] [2023-04-15T18:37:22.706Z] <<< [apiv2][status] POST https://cloudresourcemanager.googleapis.com/v1/projects/wacode-2ff06:testIamPermissions 200
[debug] [2023-04-15T18:37:22.707Z] <<< [apiv2][body] POST https://cloudresourcemanager.googleapis.com/v1/projects/wacode-2ff06:testIamPermissions {"permissions":["firebase.projects.get"]}
[debug] [2023-04-15T18:37:22.816Z] [functions] Functions Emulator only supports listening on one address (127.0.0.1). Not listening on ::1
[debug] [2023-04-15T18:37:22.818Z] defaultcredentials: writing to file /Users/austinblanchard/.config/firebase/baylorbridges2022_gmail_com_application_default_credentials.json
[debug] [2023-04-15T18:37:22.818Z] DEBUG: Setting GAC to /Users/austinblanchard/.config/firebase/baylorbridges2022_gmail_com_application_default_credentials.json
[debug] [2023-04-15T18:37:22.819Z] >>> [apiv2][query] GET https://firebase.googleapis.com/v1beta1/projects/wacode-2ff06/adminSdkConfig [none]
[debug] [2023-04-15T18:37:23.048Z] <<< [apiv2][status] GET https://firebase.googleapis.com/v1beta1/projects/wacode-2ff06/adminSdkConfig 200
[debug] [2023-04-15T18:37:23.048Z] <<< [apiv2][body] GET https://firebase.googleapis.com/v1beta1/projects/wacode-2ff06/adminSdkConfig {"projectId":"wacode-2ff06","storageBucket":"wacode-2ff06.appspot.com","locationId":"us-central"}
[debug] [2023-04-15T18:37:23.068Z] [functions] Watching "/Users/austinblanchard/Documents/Wacode/Wacode-RHAN-23/wacode_app_23/functions" for Cloud Functions...
[debug] [2023-04-15T18:37:23.074Z] Validating nodejs source
[debug] [2023-04-15T18:37:23.559Z] > [functions] package.json contents: {
  "name": "functions",
  "description": "Cloud Functions for Firebase",
  "scripts": {
    "lint": "eslint .",
    "serve": "firebase emulators:start --only functions",
    "shell": "firebase functions:shell",
    "start": "npm run shell",
    "deploy": "firebase deploy --only functions",
    "logs": "firebase functions:log"
  },
  "engines": {
    "node": "16"
  },
  "main": "index.js",
  "dependencies": {
    "firebase-admin": "^11.5.0",
    "firebase-functions": "^4.2.0",
    "puppeteer": "^19.9.0"
  },
  "devDependencies": {
    "eslint": "^8.15.0",
    "eslint-config-google": "^0.14.0",
    "firebase-functions-test": "^3.0.0"
  },
  "private": true
}
[debug] [2023-04-15T18:37:23.559Z] Building nodejs source
[debug] [2023-04-15T18:37:23.560Z] Failed to find version of module node: reached end of search path /Users/austinblanchard/Documents/Wacode/Wacode-RHAN-23/wacode_app_23/functions/node_modules
[warn] ⚠  functions: Your requested "node" version "16" doesn't match your global version "18". Using node@18 from host. 
[debug] [2023-04-15T18:37:23.562Z] Could not find functions.yaml. Must use http discovery
[debug] [2023-04-15T18:37:23.567Z] Found firebase-functions binary at '/Users/austinblanchard/Documents/Wacode/Wacode-RHAN-23/wacode_app_23/functions/node_modules/.bin/firebase-functions'
[debug] [2023-04-15T18:37:23.668Z] Serving at port 8863

[debug] [2023-04-15T18:37:23.997Z] Got response from /__/functions.yaml {"endpoints":{"getNOAAMap":{"platform":"gcfv1","availableMemoryMb":null,"timeoutSeconds":null,"minInstances":null,"maxInstances":null,"ingressSettings":null,"serviceAccountEmail":null,"vpc":null,"httpsTrigger":{},"entryPoint":"getNOAAMap"},"convertLargeFile":{"platform":"gcfv1","availableMemoryMb":2048,"timeoutSeconds":90,"minInstances":null,"maxInstances":null,"ingressSettings":null,"serviceAccountEmail":null,"vpc":null,"eventTrigger":{"eventType":"google.storage.object.finalize","eventFilters":{"resource":"projects/_/buckets/wacode-2ff06.appspot.com"},"retry":false},"labels":{},"entryPoint":"convertLargeFile"}},"specVersion":"v1alpha1","requiredAPIs":[]}
[debug] [2023-04-15T18:37:24.002Z] shutdown requested via /__/quitquitquit

[debug] [2023-04-15T18:37:24.006Z] [functions] Loaded functions definitions from source: getNOAAMap, convertLargeFile.
[debug] [2023-04-15T18:37:24.006Z] [functions[us-central1-getNOAAMap]] http function initialized (http://127.0.0.1:5001/wacode-2ff06/us-central1/getNOAAMap).
[debug] [2023-04-15T18:37:24.006Z] addStorageTrigger {"eventTrigger":{"eventType":"google.storage.object.finalize","resource":"projects/_/buckets/wacode-2ff06.appspot.com"}}
[debug] [2023-04-15T18:37:24.006Z] [functions[us-central1-convertLargeFile]] storage function initialized.
[info] i  functions: Loaded functions: getNOAAMap, convertLargeFile 
[warn] ⚠  functions: The following emulators are not running, calls to these services will affect production: firestore, database, pubsub, storage, eventarc 
